<?xml version="1.0" encoding="UTF-8"?>
<!-- Generated by org.testng.reporters.JUnitReportReporter -->
<testsuite hostname="DESKTOP-JECC7QJ" failures="0" tests="1" name="LoginTest.signinTest" time="3.477" errors="0" timestamp="25 Feb 2020 06:40:42 GMT" skipped="0">
  <testcase classname="LoginTest.signinTest" name="sign" time="3.477"/>
</testsuite> <!-- LoginTest.signinTest -->
